{"www\\js\\site.js":{"path":"www\\js\\site.js","s":{"1":1,"2":4,"3":4,"4":4,"5":4,"6":4,"7":5,"8":1,"9":4,"10":0,"11":4,"12":4,"13":4,"14":0,"15":4,"16":0,"17":4,"18":4,"19":5,"20":0,"21":5,"22":1,"23":4,"24":1},"b":{"1":[1,4],"2":[0,4],"3":[0,4],"4":[0,4],"5":[0,5],"6":[1,4]},"f":{"1":4,"2":5,"3":4,"4":5},"fnMap":{"1":{"name":"SiteSettingsViewModel","line":2,"loc":{"start":{"line":2,"column":0},"end":{"line":2,"column":33}}},"2":{"name":"(anonymous_2)","line":9,"loc":{"start":{"line":9,"column":17},"end":{"line":9,"column":29}}},"3":{"name":"(anonymous_3)","line":22,"loc":{"start":{"line":22,"column":17},"end":{"line":22,"column":29}}},"4":{"name":"(anonymous_4)","line":35,"loc":{"start":{"line":35,"column":20},"end":{"line":35,"column":32}}}},"statementMap":{"1":{"start":{"line":2,"column":0},"end":{"line":45,"column":1}},"2":{"start":{"line":3,"column":4},"end":{"line":3,"column":20}},"3":{"start":{"line":4,"column":4},"end":{"line":4,"column":34}},"4":{"start":{"line":5,"column":4},"end":{"line":5,"column":32}},"5":{"start":{"line":6,"column":4},"end":{"line":6,"column":32}},"6":{"start":{"line":7,"column":4},"end":{"line":18,"column":16}},"7":{"start":{"line":10,"column":15},"end":{"line":15,"column":46}},"8":{"start":{"line":11,"column":19},"end":{"line":11,"column":38}},"9":{"start":{"line":12,"column":20},"end":{"line":15,"column":46}},"10":{"start":{"line":13,"column":19},"end":{"line":13,"column":40}},"11":{"start":{"line":15,"column":19},"end":{"line":15,"column":46}},"12":{"start":{"line":20,"column":7},"end":{"line":31,"column":16}},"13":{"start":{"line":23,"column":15},"end":{"line":28,"column":47}},"14":{"start":{"line":24,"column":19},"end":{"line":24,"column":38}},"15":{"start":{"line":25,"column":20},"end":{"line":28,"column":47}},"16":{"start":{"line":26,"column":19},"end":{"line":26,"column":40}},"17":{"start":{"line":28,"column":19},"end":{"line":28,"column":47}},"18":{"start":{"line":33,"column":7},"end":{"line":44,"column":19}},"19":{"start":{"line":36,"column":18},"end":{"line":41,"column":50}},"20":{"start":{"line":37,"column":22},"end":{"line":37,"column":41}},"21":{"start":{"line":38,"column":23},"end":{"line":41,"column":50}},"22":{"start":{"line":39,"column":22},"end":{"line":39,"column":43}},"23":{"start":{"line":41,"column":22},"end":{"line":41,"column":50}},"24":{"start":{"line":47,"column":0},"end":{"line":47,"column":45}}},"branchMap":{"1":{"line":10,"type":"if","locations":[{"start":{"line":10,"column":15},"end":{"line":10,"column":15}},{"start":{"line":10,"column":15},"end":{"line":10,"column":15}}]},"2":{"line":12,"type":"if","locations":[{"start":{"line":12,"column":20},"end":{"line":12,"column":20}},{"start":{"line":12,"column":20},"end":{"line":12,"column":20}}]},"3":{"line":23,"type":"if","locations":[{"start":{"line":23,"column":15},"end":{"line":23,"column":15}},{"start":{"line":23,"column":15},"end":{"line":23,"column":15}}]},"4":{"line":25,"type":"if","locations":[{"start":{"line":25,"column":20},"end":{"line":25,"column":20}},{"start":{"line":25,"column":20},"end":{"line":25,"column":20}}]},"5":{"line":36,"type":"if","locations":[{"start":{"line":36,"column":18},"end":{"line":36,"column":18}},{"start":{"line":36,"column":18},"end":{"line":36,"column":18}}]},"6":{"line":38,"type":"if","locations":[{"start":{"line":38,"column":23},"end":{"line":38,"column":23}},{"start":{"line":38,"column":23},"end":{"line":38,"column":23}}]}}}}